#! /opt/homebrew/Cellar/icarus-verilog/11.0/bin/vvp
:ivl_version "11.0 (stable)";
:ivl_delay_selection "TYPICAL";
:vpi_time_precision + 0;
:vpi_module "/opt/homebrew/Cellar/icarus-verilog/11.0/lib/ivl/system.vpi";
:vpi_module "/opt/homebrew/Cellar/icarus-verilog/11.0/lib/ivl/vhdl_sys.vpi";
:vpi_module "/opt/homebrew/Cellar/icarus-verilog/11.0/lib/ivl/vhdl_textio.vpi";
:vpi_module "/opt/homebrew/Cellar/icarus-verilog/11.0/lib/ivl/v2005_math.vpi";
:vpi_module "/opt/homebrew/Cellar/icarus-verilog/11.0/lib/ivl/va_math.vpi";
S_0x13e1041e0 .scope module, "full_substractor" "full_substractor" 2 1;
 .timescale 0 0;
    .port_info 0 /INPUT 1 "a";
    .port_info 1 /INPUT 1 "b";
    .port_info 2 /INPUT 1 "bin";
    .port_info 3 /OUTPUT 1 "subtr";
    .port_info 4 /OUTPUT 1 "bout";
o0x140040100 .functor BUFZ 1, C4<z>; HiZ drive
o0x140040130 .functor BUFZ 1, C4<z>; HiZ drive
L_0x13d619e80 .functor XOR 1, o0x140040100, o0x140040130, C4<0>, C4<0>;
o0x140040160 .functor BUFZ 1, C4<z>; HiZ drive
L_0x13d619f10 .functor XOR 1, L_0x13d619e80, o0x140040160, C4<0>, C4<0>;
L_0x13d61a000 .functor NOT 1, o0x140040100, C4<0>, C4<0>, C4<0>;
L_0x13d61a0d0 .functor AND 1, L_0x13d61a000, o0x140040160, C4<1>, C4<1>;
L_0x13d61a1e0 .functor XNOR 1, o0x140040100, o0x140040160, C4<0>, C4<0>;
L_0x13d61a250 .functor AND 1, L_0x13d61a1e0, o0x140040130, C4<1>, C4<1>;
L_0x13d61a380 .functor OR 1, L_0x13d61a0d0, L_0x13d61a250, C4<0>, C4<0>;
v0x13d608420_0 .net *"_ivl_0", 0 0, L_0x13d619e80;  1 drivers
v0x13d619770_0 .net *"_ivl_10", 0 0, L_0x13d61a250;  1 drivers
v0x13d619820_0 .net *"_ivl_4", 0 0, L_0x13d61a000;  1 drivers
v0x13d6198e0_0 .net *"_ivl_6", 0 0, L_0x13d61a0d0;  1 drivers
v0x13d619990_0 .net *"_ivl_8", 0 0, L_0x13d61a1e0;  1 drivers
v0x13d619a80_0 .net "a", 0 0, o0x140040100;  0 drivers
v0x13d619b20_0 .net "b", 0 0, o0x140040130;  0 drivers
v0x13d619bc0_0 .net "bin", 0 0, o0x140040160;  0 drivers
v0x13d619c60_0 .net "bout", 0 0, L_0x13d61a380;  1 drivers
v0x13d619d70_0 .net "subtr", 0 0, L_0x13d619f10;  1 drivers
# The file index is used to find the file name in the following table.
:file_names 3;
    "N/A";
    "<interactive>";
    "full_substractor.v";
